<?xml version="1.0" encoding="UTF-8"?>
<testng-results ignored="0" total="1" passed="1" failed="0" skipped="0">
  <reporter-output>
  </reporter-output>
  <suite started-at="2024-08-20T21:22:32 PDT" name="Default suite" finished-at="2024-08-20T21:22:59 PDT" duration-ms="27170">
    <groups>
    </groups>
    <test started-at="2024-08-20T21:22:32 PDT" name="Default test" finished-at="2024-08-20T21:22:59 PDT" duration-ms="27170">
      <class name="com.navigationCommand.forwardURL">
        <test-method signature="navigateForward()[pri:0, instance:com.navigationCommand.forwardURL@659499f1]" started-at="2024-08-20T21:22:32 PDT" name="navigateForward" finished-at="2024-08-20T21:22:59 PDT" duration-ms="27104" status="PASS">
          <reporter-output>
          </reporter-output>
        </test-method> <!-- navigateForward -->
      </class> <!-- com.navigationCommand.forwardURL -->
    </test> <!-- Default test -->
  </suite> <!-- Default suite -->
</testng-results>
